<?xml version="1.0" encoding="UTF-8"?>
<!-- Generated by org.testng.reporters.JUnitReportReporter -->
<testsuite skipped="0" hostname="DESKTOP-NKO2PM4" name="bestbuy.testcases.HomeTestCase" tests="1" failures="0" timestamp="2023-05-25T19:14:38 IST" time="37.447" errors="0">
  <testcase name="tc001_home_flow" time="37.447" classname="bestbuy.testcases.HomeTestCase"/>
  <system-out/>
</testsuite> <!-- bestbuy.testcases.HomeTestCase -->
