<?xml version="1.0" encoding="UTF-8"?>
<!-- Generated by org.testng.reporters.JUnitReportReporter -->
<testsuite skipped="0" hostname="DESKTOP-NKO2PM4" name="bestbuy.testcases.BrokenLinksTestCases" tests="1" failures="0" timestamp="2023-05-25T19:14:38 IST" time="2128.352" errors="0">
  <testcase name="tc001_broken_flow" time="2128.352" classname="bestbuy.testcases.BrokenLinksTestCases"/>
  <system-out/>
</testsuite> <!-- bestbuy.testcases.BrokenLinksTestCases -->
